<?xml version="1.0"?>
<col:collection xmlns="http://cnx.rice.edu/collxml" xmlns:md="http://cnx.rice.edu/mdml" xmlns:col="http://cnx.rice.edu/collxml" xml:lang="en" type="Book" authors="OpenStax Larissa">
  <metadata xmlns:md="http://cnx.rice.edu/mdml" mdml-version="0.5">
    <md:content-id>col12018</md:content-id>
    <md:title>Test Book</md:title>
    <md:license url="http://creativecommons.org/licenses/by/4.0/">Creative Commons Attribution License 4.0</md:license>
    <md:language>en</md:language>
    <md:uuid>09657fcc-fc0d-4084-9d5a-3a9e7e047e23</md:uuid>
    <md:slug>test-book</md:slug>
  </metadata>
  <col:content>
    <col:subcollection>
      <md:title>Chapter 1</md:title>
      <col:content>
        <col:module document="m62083"/>
        <col:module document="m84974"/>
        <col:module document="m84972"/>
      </col:content>
    </col:subcollection>
  </col:content>
</col:collection>
